# JRE version: Java(TM) SE Runtime Environment (8.0_171-b11) (build 1.8.0_171-b11)
# Java VM: Java HotSpot(TM) 64-Bit Server VM (25.171-b11 mixed mode windows-amd64 compressed oops)
Heap:
 PSYoungGen      total 30208K, used 24194K [0x00000000d5980000, 0x00000000f1180000, 0x0000000100000000)
  eden space 29696K, 81% used [0x00000000d5980000,0x00000000d7110b20,0x00000000d7680000)
  from space 512K, 12% used [0x00000000f1100000,0x00000000f1110000,0x00000000f1180000)
  to   space 512K, 0% used [0x00000000f1080000,0x00000000f1080000,0x00000000f1100000)
 ParOldGen       total 92160K, used 82952K [0x0000000080c00000, 0x0000000086600000, 0x00000000d5980000)
  object space 92160K, 90% used [0x0000000080c00000,0x0000000085d02138,0x0000000086600000)
 Metaspace       used 59289K, capacity 61814K, committed 61912K, reserved 1103872K
  class space    used 7445K, capacity 7883K, committed 7896K, reserved 1048576K
GC Heap History (10 events):
Event: 54776.631 GC heap before
{Heap before GC invocations=89512 (full 3):
 PSYoungGen      total 30208K, used 29696K [0x00000000d5980000, 0x00000000f1180000, 0x0000000100000000)
  eden space 29696K, 100% used [0x00000000d5980000,0x00000000d7680000,0x00000000d7680000)
  from space 512K, 0% used [0x00000000f1100000,0x00000000f1100000,0x00000000f1180000)
  to   space 512K, 0% used [0x00000000f1080000,0x00000000f1080000,0x00000000f1100000)
 ParOldGen       total 92160K, used 82952K [0x0000000080c00000, 0x0000000086600000, 0x00000000d5980000)
  object space 92160K, 90% used [0x0000000080c00000,0x0000000085d02138,0x0000000086600000)
 Metaspace       used 59289K, capacity 61814K, committed 61912K, reserved 1103872K
  class space    used 7445K, capacity 7883K, committed 7896K, reserved 1048576K
Event: 54776.632 GC heap after
Heap after GC invocations=89512 (full 3):
 PSYoungGen      total 30208K, used 0K [0x00000000d5980000, 0x00000000f1180000, 0x0000000100000000)
  eden space 29696K, 0% used [0x00000000d5980000,0x00000000d5980000,0x00000000d7680000)
  from space 512K, 0% used [0x00000000f1080000,0x00000000f1080000,0x00000000f1100000)
  to   space 512K, 0% used [0x00000000f1100000,0x00000000f1100000,0x00000000f1180000)
 ParOldGen       total 92160K, used 82952K [0x0000000080c00000, 0x0000000086600000, 0x00000000d5980000)
  object space 92160K, 90% used [0x0000000080c00000,0x0000000085d02138,0x0000000086600000)
 Metaspace       used 59289K, capacity 61814K, committed 61912K, reserved 1103872K
  class space    used 7445K, capacity 7883K, committed 7896K, reserved 1048576K
}
Event: 54777.037 GC heap before
{Heap before GC invocations=89513 (full 3):
 PSYoungGen      total 30208K, used 29696K [0x00000000d5980000, 0x00000000f1180000, 0x0000000100000000)
  eden space 29696K, 100% used [0x00000000d5980000,0x00000000d7680000,0x00000000d7680000)
  from space 512K, 0% used [0x00000000f1080000,0x00000000f1080000,0x00000000f1100000)
  to   space 512K, 0% used [0x00000000f1100000,0x00000000f1100000,0x00000000f1180000)
 ParOldGen       total 92160K, used 82952K [0x0000000080c00000, 0x0000000086600000, 0x00000000d5980000)
  object space 92160K, 90% used [0x0000000080c00000,0x0000000085d02138,0x0000000086600000)
 Metaspace       used 59289K, capacity 61814K, committed 61912K, reserved 1103872K
  class space    used 7445K, capacity 7883K, committed 7896K, reserved 1048576K
Event: 54777.040 GC heap after
Heap after GC invocations=89513 (full 3):
 PSYoungGen      total 30208K, used 0K [0x00000000d5980000, 0x00000000f1180000, 0x0000000100000000)
  eden space 29696K, 0% used [0x00000000d5980000,0x00000000d5980000,0x00000000d7680000)
  from space 512K, 0% used [0x00000000f1100000,0x00000000f1100000,0x00000000f1180000)
  to   space 512K, 0% used [0x00000000f1080000,0x00000000f1080000,0x00000000f1100000)
 ParOldGen       total 92160K, used 82952K [0x0000000080c00000, 0x0000000086600000, 0x00000000d5980000)
  object space 92160K, 90% used [0x0000000080c00000,0x0000000085d02138,0x0000000086600000)
 Metaspace       used 59289K, capacity 61814K, committed 61912K, reserved 1103872K
  class space    used 7445K, capacity 7883K, committed 7896K, reserved 1048576K
}
Event: 54777.453 GC heap before
{Heap before GC invocations=89514 (full 3):
 PSYoungGen      total 30208K, used 29696K [0x00000000d5980000, 0x00000000f1180000, 0x0000000100000000)
  eden space 29696K, 100% used [0x00000000d5980000,0x00000000d7680000,0x00000000d7680000)
  from space 512K, 0% used [0x00000000f1100000,0x00000000f1100000,0x00000000f1180000)
  to   space 512K, 0% used [0x00000000f1080000,0x00000000f1080000,0x00000000f1100000)
 ParOldGen       total 92160K, used 82952K [0x0000000080c00000, 0x0000000086600000, 0x00000000d5980000)
  object space 92160K, 90% used [0x0000000080c00000,0x0000000085d02138,0x0000000086600000)
 Metaspace       used 59289K, capacity 61814K, committed 61912K, reserved 1103872K
  class space    used 7445K, capacity 7883K, committed 7896K, reserved 1048576K
Event: 54777.459 GC heap after
Heap after GC invocations=89514 (full 3):
 PSYoungGen      total 30208K, used 0K [0x00000000d5980000, 0x00000000f1180000, 0x0000000100000000)
  eden space 29696K, 0% used [0x00000000d5980000,0x00000000d5980000,0x00000000d7680000)
  from space 512K, 0% used [0x00000000f1080000,0x00000000f1080000,0x00000000f1100000)
  to   space 512K, 0% used [0x00000000f1100000,0x00000000f1100000,0x00000000f1180000)
 ParOldGen       total 92160K, used 82952K [0x0000000080c00000, 0x0000000086600000, 0x00000000d5980000)
  object space 92160K, 90% used [0x0000000080c00000,0x0000000085d02138,0x0000000086600000)
 Metaspace       used 59289K, capacity 61814K, committed 61912K, reserved 1103872K
  class space    used 7445K, capacity 7883K, committed 7896K, reserved 1048576K
}
Event: 54777.863 GC heap before
{Heap before GC invocations=89515 (full 3):
 PSYoungGen      total 30208K, used 29696K [0x00000000d5980000, 0x00000000f1180000, 0x0000000100000000)
  eden space 29696K, 100% used [0x00000000d5980000,0x00000000d7680000,0x00000000d7680000)
  from space 512K, 0% used [0x00000000f1080000,0x00000000f1080000,0x00000000f1100000)
  to   space 512K, 0% used [0x00000000f1100000,0x00000000f1100000,0x00000000f1180000)
 ParOldGen       total 92160K, used 82952K [0x0000000080c00000, 0x0000000086600000, 0x00000000d5980000)
  object space 92160K, 90% used [0x0000000080c00000,0x0000000085d02138,0x0000000086600000)
 Metaspace       used 59289K, capacity 61814K, committed 61912K, reserved 1103872K
  class space    used 7445K, capacity 7883K, committed 7896K, reserved 1048576K
Event: 54777.864 GC heap after
Heap after GC invocations=89515 (full 3):
 PSYoungGen      total 30208K, used 32K [0x00000000d5980000, 0x00000000f1180000, 0x0000000100000000)
  eden space 29696K, 0% used [0x00000000d5980000,0x00000000d5980000,0x00000000d7680000)
  from space 512K, 6% used [0x00000000f1100000,0x00000000f1108000,0x00000000f1180000)
  to   space 512K, 0% used [0x00000000f1080000,0x00000000f1080000,0x00000000f1100000)
 ParOldGen       total 92160K, used 82952K [0x0000000080c00000, 0x0000000086600000, 0x00000000d5980000)
  object space 92160K, 90% used [0x0000000080c00000,0x0000000085d02138,0x0000000086600000)
 Metaspace       used 59289K, capacity 61814K, committed 61912K, reserved 1103872K
  class space    used 7445K, capacity 7883K, committed 7896K, reserved 1048576K
}
Event: 54778.240 GC heap before
{Heap before GC invocations=89516 (full 3):
 PSYoungGen      total 30208K, used 29728K [0x00000000d5980000, 0x00000000f1180000, 0x0000000100000000)
  eden space 29696K, 100% used [0x00000000d5980000,0x00000000d7680000,0x00000000d7680000)
  from space 512K, 6% used [0x00000000f1100000,0x00000000f1108000,0x00000000f1180000)
  to   space 512K, 0% used [0x00000000f1080000,0x00000000f1080000,0x00000000f1100000)
 ParOldGen       total 92160K, used 82952K [0x0000000080c00000, 0x0000000086600000, 0x00000000d5980000)
  object space 92160K, 90% used [0x0000000080c00000,0x0000000085d02138,0x0000000086600000)
 Metaspace       used 59289K, capacity 61814K, committed 61912K, reserved 1103872K
  class space    used 7445K, capacity 7883K, committed 7896K, reserved 1048576K
Event: 54778.242 GC heap after
Heap after GC invocations=89516 (full 3):
 PSYoungGen      total 30208K, used 64K [0x00000000d5980000, 0x00000000f1180000, 0x0000000100000000)
  eden space 29696K, 0% used [0x00000000d5980000,0x00000000d5980000,0x00000000d7680000)
  from space 512K, 12% used [0x00000000f1080000,0x00000000f1090000,0x00000000f1100000)
  to   space 512K, 0% used [0x00000000f1100000,0x00000000f1100000,0x00000000f1180000)
 ParOldGen       total 92160K, used 82952K [0x0000000080c00000, 0x0000000086600000, 0x00000000d5980000)
  object space 92160K, 90% used [0x0000000080c00000,0x0000000085d02138,0x0000000086600000)
 Metaspace       used 59289K, capacity 61814K, committed 61912K, reserved 1103872K
  class space    used 7445K, capacity 7883K, committed 7896K, reserved 1048576K
}

